<?xml version="1.0" encoding="UTF-8"?>
<!-- Generated by org.testng.reporters.JUnitReportReporter -->
<testsuite hostname="DESKTOP-PP8NB6E" failures="0" tests="2" name="tests.Logintest" time="7.256" errors="0" timestamp="2025-05-23T18:56:30 IST" skipped="0">
  <testcase classname="tests.Logintest" name="naukrilogin" time="1.954"/>
  <testcase classname="tests.Logintest" name="profileupdate" time="5.302"/>
</testsuite> <!-- tests.Logintest -->
