<?xml version="1.0" encoding="UTF-8"?>
<!-- Generated by org.testng.reporters.JUnitReportReporter -->
<testsuite hostname="DESKTOP-PP8NB6E" failures="0" tests="3" name="tests.Logintest" time="23.365" errors="0" timestamp="2025-07-07T14:04:28 IST" skipped="0">
  <testcase classname="tests.Logintest" name="Rsume_upload" time="1.772"/>
  <testcase classname="tests.Logintest" name="naukrilogin" time="6.958"/>
  <testcase classname="tests.Logintest" name="profileupdate" time="14.635"/>
</testsuite> <!-- tests.Logintest -->
