<?xml version="1.0" encoding="UTF-8"?>
<!-- Generated by org.testng.reporters.JUnitReportReporter -->
<testsuite hostname="DESKTOP-PP8NB6E" failures="0" tests="2" name="tests.Logintest" time="14.449" errors="0" timestamp="2025-07-08T16:03:02 IST" skipped="0">
  <testcase classname="tests.Logintest" name="naukrilogin" time="3.501"/>
  <testcase classname="tests.Logintest" name="profileupdate" time="10.948"/>
</testsuite> <!-- tests.Logintest -->
