<?xml version="1.0" encoding="UTF-8"?>
<!-- Generated by org.testng.reporters.JUnitReportReporter -->
<testsuite hostname="DESKTOP-PP8NB6E" failures="0" tests="2" name="tests.Logintest" time="12.935" errors="0" timestamp="2025-07-10T14:34:03 IST" skipped="0">
  <testcase classname="tests.Logintest" name="naukrilogin" time="1.668"/>
  <testcase classname="tests.Logintest" name="profileupdate" time="11.267"/>
</testsuite> <!-- tests.Logintest -->
