<?xml version="1.0" encoding="UTF-8"?>
<!-- Generated by org.testng.reporters.JUnitReportReporter -->
<testsuite hostname="DESKTOP-PP8NB6E" failures="0" tests="2" name="tests.Logintest" time="10.507" errors="0" timestamp="2025-05-29T12:31:21 IST" skipped="0">
  <testcase classname="tests.Logintest" name="naukrilogin" time="1.790"/>
  <testcase classname="tests.Logintest" name="profileupdate" time="8.717"/>
</testsuite> <!-- tests.Logintest -->
